[debug] [2026-04-13T18:23:39.126Z] ----------------------------------------------------------------------
[debug] [2026-04-13T18:23:39.131Z] Command:       C:\Program Files\nodejs\node.exe C:\Users\aluno\AppData\Roaming\npm\node_modules\firebase-tools\lib\bin\firebase.js init
[debug] [2026-04-13T18:23:39.132Z] CLI Version:   15.14.0
[debug] [2026-04-13T18:23:39.133Z] Platform:      win32
[debug] [2026-04-13T18:23:39.133Z] Node Version:  v20.20.0
[debug] [2026-04-13T18:23:39.133Z] Time:          Mon Apr 13 2026 19:23:39 GMT+0100 (Hora de verão da Europa Ocidental)
[debug] [2026-04-13T18:23:39.133Z] ----------------------------------------------------------------------
[debug] 
[info] 
     ######## #### ########  ######## ########     ###     ######  ########
     ##        ##  ##     ## ##       ##     ##  ##   ##  ##       ##
     ######    ##  ########  ######   ########  #########  ######  ######
     ##        ##  ##    ##  ##       ##     ## ##     ##       ## ##
     ##       #### ##     ## ######## ########  ##     ##  ######  ########

You're about to initialize a Firebase project in this directory:

  C:\Users\aluno\Downloads\vidraceiro

[info] 
=== Project Setup
[info] 
[info] First, let's associate this project directory with a Firebase project.
[info] You can create multiple project aliases by running firebase use --add, 
[info] 
[debug] [2026-04-13T18:23:54.586Z] > command requires scopes: ["email","openid","https://www.googleapis.com/auth/cloudplatformprojects.readonly","https://www.googleapis.com/auth/firebase","https://www.googleapis.com/auth/cloud-platform"]
[debug] [2026-04-13T18:23:54.590Z] > authorizing via signed-in user (samuelalexandro905@gmail.com)
[debug] [2026-04-13T18:23:54.593Z] Checked if tokens are valid: true, expires at: 1776107699504
[debug] [2026-04-13T18:23:54.593Z] Checked if tokens are valid: true, expires at: 1776107699504
[debug] [2026-04-13T18:23:54.596Z] >>> [apiv2][query] GET https://firebase.googleapis.com/v1beta1/projects/vidros-905e5 [none]
[debug] [2026-04-13T18:23:55.061Z] <<< [apiv2][status] GET https://firebase.googleapis.com/v1beta1/projects/vidros-905e5 200
[debug] [2026-04-13T18:23:55.061Z] <<< [apiv2][body] GET https://firebase.googleapis.com/v1beta1/projects/vidros-905e5 {"projectId":"vidros-905e5","projectNumber":"668909983138","displayName":"vidros ","name":"projects/vidros-905e5","resources":{"hostingSite":"vidros-905e5"},"state":"ACTIVE","etag":"1_f8e28e6c-c9a8-4386-9b28-346f824d940b"}
[info] i  Using project vidros-905e5 (vidros ) . 
[info] 
=== Firestore Setup
[info] i  firestore: ensuring required API firestore.googleapis.com is enabled... 
[debug] [2026-04-13T18:23:55.077Z] Checked if tokens are valid: true, expires at: 1776107699504
[debug] [2026-04-13T18:23:55.077Z] Checked if tokens are valid: true, expires at: 1776107699504
[debug] [2026-04-13T18:23:55.077Z] >>> [apiv2][query] GET https://firestore.googleapis.com/v1/projects/vidros-905e5/databases [none]
[debug] [2026-04-13T18:23:55.602Z] <<< [apiv2][status] GET https://firestore.googleapis.com/v1/projects/vidros-905e5/databases 200
[debug] [2026-04-13T18:23:55.602Z] <<< [apiv2][body] GET https://firestore.googleapis.com/v1/projects/vidros-905e5/databases {}
[debug] [2026-04-13T18:23:55.602Z] Checked if tokens are valid: true, expires at: 1776107699504
[debug] [2026-04-13T18:23:55.603Z] Checked if tokens are valid: true, expires at: 1776107699504
[debug] [2026-04-13T18:23:55.603Z] >>> [apiv2][query] GET https://firestore.googleapis.com/v1/projects/vidros-905e5/locations [none]
[debug] [2026-04-13T18:23:55.794Z] <<< [apiv2][status] GET https://firestore.googleapis.com/v1/projects/vidros-905e5/locations 200
[debug] [2026-04-13T18:23:55.794Z] <<< [apiv2][body] GET https://firestore.googleapis.com/v1/projects/vidros-905e5/locations {"locations":[{"name":"projects/vidros-905e5/locations/eur3","labels":{"appengine.googleapis.com/geo":"europe-west","cloud.googleapis.com/location":"eur3","cloud.googleapis.com/geo":"eur3"},"metadata":{"@type":"type.googleapis.com/google.firestore.admin.v1.LocationMetadata"},"locationId":"eur3","displayName":"Europe"},{"name":"projects/vidros-905e5/locations/nam5","labels":{"appengine.googleapis.com/geo":"us-central","cloud.googleapis.com/location":"nam5","cloud.googleapis.com/geo":"nam5"},"metadata":{"@type":"type.googleapis.com/google.firestore.admin.v1.LocationMetadata"},"locationId":"nam5","displayName":"United States"},{"name":"projects/vidros-905e5/locations/nam7","labels":{"cloud.googleapis.com/location":"nam7","cloud.googleapis.com/geo":"nam7"},"metadata":{"@type":"type.googleapis.com/google.firestore.admin.v1.LocationMetadata"},"locationId":"nam7","displayName":"United States"},{"name":"projects/vidros-905e5/locations/africa-south1","labels":{"cloud.googleapis.com/location":"africa-south1","cloud.googleapis.com/region":"africa-south1"},"metadata":{"@type":"type.googleapis.com/google.firestore.admin.v1.LocationMetadata"},"locationId":"africa-south1","displayName":"Johannesburg"},{"name":"projects/vidros-905e5/locations/asia-east1","labels":{"appengine.googleapis.com/region":"asia-east1","cloud.googleapis.com/location":"asia-east1","cloud.googleapis.com/region":"asia-east1"},"metadata":{"@type":"type.googleapis.com/google.firestore.admin.v1.LocationMetadata"},"locationId":"asia-east1","displayName":"Taiwan"},{"name":"projects/vidros-905e5/locations/asia-east2","labels":{"appengine.googleapis.com/region":"asia-east2","cloud.googleapis.com/location":"asia-east2","cloud.googleapis.com/region":"asia-east2"},"metadata":{"@type":"type.googleapis.com/google.firestore.admin.v1.LocationMetadata"},"locationId":"asia-east2","displayName":"Hong Kong"},{"name":"projects/vidros-905e5/locations/asia-northeast1","labels":{"appengine.googleapis.com/region":"asia-northeast1","cloud.googleapis.com/location":"asia-northeast1","cloud.googleapis.com/region":"asia-northeast1"},"metadata":{"@type":"type.googleapis.com/google.firestore.admin.v1.LocationMetadata"},"locationId":"asia-northeast1","displayName":"Tokyo"},{"name":"projects/vidros-905e5/locations/asia-northeast2","labels":{"appengine.googleapis.com/region":"asia-northeast2","cloud.googleapis.com/location":"asia-northeast2","cloud.googleapis.com/region":"asia-northeast2"},"metadata":{"@type":"type.googleapis.com/google.firestore.admin.v1.LocationMetadata"},"locationId":"asia-northeast2","displayName":"Osaka"},{"name":"projects/vidros-905e5/locations/asia-northeast3","labels":{"appengine.googleapis.com/region":"asia-northeast3","cloud.googleapis.com/location":"asia-northeast3","cloud.googleapis.com/region":"asia-northeast3"},"metadata":{"@type":"type.googleapis.com/google.firestore.admin.v1.LocationMetadata"},"locationId":"asia-northeast3","displayName":"Seoul"},{"name":"projects/vidros-905e5/locations/asia-south1","labels":{"appengine.googleapis.com/region":"asia-south1","cloud.googleapis.com/location":"asia-south1","cloud.googleapis.com/region":"asia-south1"},"metadata":{"@type":"type.googleapis.com/google.firestore.admin.v1.LocationMetadata"},"locationId":"asia-south1","displayName":"Mumbai"},{"name":"projects/vidros-905e5/locations/asia-south2","labels":{"cloud.googleapis.com/location":"asia-south2","cloud.googleapis.com/region":"asia-south2"},"metadata":{"@type":"type.googleapis.com/google.firestore.admin.v1.LocationMetadata"},"locationId":"asia-south2","displayName":"Delhi"},{"name":"projects/vidros-905e5/locations/asia-southeast1","labels":{"appengine.googleapis.com/region":"asia-southeast1","cloud.googleapis.com/location":"asia-southeast1","cloud.googleapis.com/region":"asia-southeast1"},"metadata":{"@type":"type.googleapis.com/google.firestore.admin.v1.LocationMetadata"},"locationId":"asia-southeast1","displayName":"Singapore"},{"name":"projects/vidros-905e5/locations/asia-southeast2","labels":{"appengine.googleapis.com/region":"asia-southeast2","cloud.googleapis.com/location":"asia-southeast2","cloud.googleapis.com/region":"asia-southeast2"},"metadata":{"@type":"type.googleapis.com/google.firestore.admin.v1.LocationMetadata"},"locationId":"asia-southeast2","displayName":"Jakarta"},{"name":"projects/vidros-905e5/locations/asia-southeast3","labels":{"cloud.googleapis.com/location":"asia-southeast3","cloud.googleapis.com/region":"asia-southeast3"},"metadata":{"@type":"type.googleapis.com/google.firestore.admin.v1.LocationMetadata"},"locationId":"asia-southeast3","displayName":"Bangkok"},{"name":"projects/vidros-905e5/locations/australia-southeast1","labels":{"appengine.googleapis.com/region":"australia-southeast1","cloud.googleapis.com/location":"australia-southeast1","cloud.googleapis.com/region":"australia-southeast1"},"metadata":{"@type":"type.googleapis.com/google.firestore.admin.v1.LocationMetadata"},"locationId":"australia-southeast1","displayName":"Sydney"},{"name":"projects/vidros-905e5/locations/australia-southeast2","labels":{"cloud.googleapis.com/location":"australia-southeast2","cloud.googleapis.com/region":"australia-southeast2"},"metadata":{"@type":"type.googleapis.com/google.firestore.admin.v1.LocationMetadata"},"locationId":"australia-southeast2","displayName":"Melbourne"},{"name":"projects/vidros-905e5/locations/europe-central2","labels":{"appengine.googleapis.com/region":"europe-central2","cloud.googleapis.com/location":"europe-central2","cloud.googleapis.com/region":"europe-central2"},"metadata":{"@type":"type.googleapis.com/google.firestore.admin.v1.LocationMetadata"},"locationId":"europe-central2","displayName":"Warsaw"},{"name":"projects/vidros-905e5/locations/europe-north1","labels":{"cloud.googleapis.com/location":"europe-north1","cloud.googleapis.com/region":"europe-north1"},"metadata":{"@type":"type.googleapis.com/google.firestore.admin.v1.LocationMetadata"},"locationId":"europe-north1","displayName":"Finland"},{"name":"projects/vidros-905e5/locations/europe-north2","labels":{"cloud.googleapis.com/location":"europe-north2","cloud.googleapis.com/region":"europe-north2"},"metadata":{"@type":"type.googleapis.com/google.firestore.admin.v1.LocationMetadata"},"locationId":"europe-north2","displayName":"Stockholm"},{"name":"projects/vidros-905e5/locations/europe-southwest1","labels":{"cloud.googleapis.com/location":"europe-southwest1","cloud.googleapis.com/region":"europe-southwest1"},"metadata":{"@type":"type.googleapis.com/google.firestore.admin.v1.LocationMetadata"},"locationId":"europe-southwest1","displayName":"Madrid"},{"name":"projects/vidros-905e5/locations/europe-west1","labels":{"cloud.googleapis.com/location":"europe-west1","cloud.googleapis.com/region":"europe-west1"},"metadata":{"@type":"type.googleapis.com/google.firestore.admin.v1.LocationMetadata"},"locationId":"europe-west1","displayName":"Belgium"},{"name":"projects/vidros-905e5/locations/europe-west10","labels":{"cloud.googleapis.com/location":"europe-west10","cloud.googleapis.com/region":"europe-west10"},"metadata":{"@type":"type.googleapis.com/google.firestore.admin.v1.LocationMetadata"},"locationId":"europe-west10","displayName":"Berlin"},{"name":"projects/vidros-905e5/locations/europe-west12","labels":{"cloud.googleapis.com/location":"europe-west12","cloud.googleapis.com/region":"europe-west12"},"metadata":{"@type":"type.googleapis.com/google.firestore.admin.v1.LocationMetadata"},"locationId":"europe-west12","displayName":"Turin"},{"name":"projects/vidros-905e5/locations/europe-west2","labels":{"appengine.googleapis.com/region":"europe-west2","cloud.googleapis.com/location":"europe-west2","cloud.googleapis.com/region":"europe-west2"},"metadata":{"@type":"type.googleapis.com/google.firestore.admin.v1.LocationMetadata"},"locationId":"europe-west2","displayName":"London"},{"name":"projects/vidros-905e5/locations/europe-west3","labels":{"appengine.googleapis.com/region":"europe-west3","cloud.googleapis.com/location":"europe-west3","cloud.googleapis.com/region":"europe-west3"},"metadata":{"@type":"type.googleapis.com/google.firestore.admin.v1.LocationMetadata"},"locationId":"europe-west3","displayName":"Frankfurt"},{"name":"projects/vidros-905e5/locations/europe-west4","labels":{"cloud.googleapis.com/location":"europe-west4","cloud.googleapis.com/region":"europe-west4"},"metadata":{"@type":"type.googleapis.com/google.firestore.admin.v1.LocationMetadata"},"locationId":"europe-west4","displayName":"Netherlands"},{"name":"projects/vidros-905e5/locations/europe-west6","labels":{"appengine.googleapis.com/region":"europe-west6","cloud.googleapis.com/location":"europe-west6","cloud.googleapis.com/region":"europe-west6"},"metadata":{"@type":"type.googleapis.com/google.firestore.admin.v1.LocationMetadata"},"locationId":"europe-west6","displayName":"Zurich"},{"name":"projects/vidros-905e5/locations/europe-west8","labels":{"cloud.googleapis.com/location":"europe-west8","cloud.googleapis.com/region":"europe-west8"},"metadata":{"@type":"type.googleapis.com/google.firestore.admin.v1.LocationMetadata"},"locationId":"europe-west8","displayName":"Milan"},{"name":"projects/vidros-905e5/locations/europe-west9","labels":{"cloud.googleapis.com/location":"europe-west9","cloud.googleapis.com/region":"europe-west9"},"metadata":{"@type":"type.googleapis.com/google.firestore.admin.v1.LocationMetadata"},"locationId":"europe-west9","displayName":"Paris"},{"name":"projects/vidros-905e5/locations/me-central1","labels":{"cloud.googleapis.com/location":"me-central1","cloud.googleapis.com/region":"me-central1"},"metadata":{"@type":"type.googleapis.com/google.firestore.admin.v1.LocationMetadata"},"locationId":"me-central1","displayName":"Doha"},{"name":"projects/vidros-905e5/locations/me-central2","labels":{"cloud.googleapis.com/location":"me-central2","cloud.googleapis.com/region":"me-central2"},"metadata":{"@type":"type.googleapis.com/google.firestore.admin.v1.LocationMetadata"},"locationId":"me-central2","displayName":"Dammam"},{"name":"projects/vidros-905e5/locations/me-west1","labels":{"cloud.googleapis.com/location":"me-west1","cloud.googleapis.com/region":"me-west1"},"metadata":{"@type":"type.googleapis.com/google.firestore.admin.v1.LocationMetadata"},"locationId":"me-west1","displayName":"Tel Aviv"},{"name":"projects/vidros-905e5/locations/northamerica-northeast1","labels":{"appengine.googleapis.com/region":"northamerica-northeast1","cloud.googleapis.com/location":"northamerica-northeast1","cloud.googleapis.com/region":"northamerica-northeast1"},"metadata":{"@type":"type.googleapis.com/google.firestore.admin.v1.LocationMetadata"},"locationId":"northamerica-northeast1","displayName":"Montréal"},{"name":"projects/vidros-905e5/locations/northamerica-northeast2","labels":{"cloud.googleapis.com/location":"northamerica-northeast2","cloud.googleapis.com/region":"northamerica-northeast2"},"metadata":{"@type":"type.googleapis.com/google.firestore.admin.v1.LocationMetadata"},"locationId":"northamerica-northeast2","displayName":"Toronto"},{"name":"projects/vidros-905e5/locations/northamerica-south1","labels":{"cloud.googleapis.com/location":"northamerica-south1","cloud.googleapis.com/region":"northamerica-south1"},"metadata":{"@type":"type.googleapis.com/google.firestore.admin.v1.LocationMetadata"},"locationId":"northamerica-south1","displayName":"Mexico"},{"name":"projects/vidros-905e5/locations/southamerica-east1","labels":{"appengine.googleapis.com/region":"southamerica-east1","cloud.googleapis.com/location":"southamerica-east1","cloud.googleapis.com/region":"southamerica-east1"},"metadata":{"@type":"type.googleapis.com/google.firestore.admin.v1.LocationMetadata"},"locationId":"southamerica-east1","displayName":"São Paulo"},{"name":"projects/vidros-905e5/locations/southamerica-west1","labels":{"cloud.googleapis.com/location":"southamerica-west1","cloud.googleapis.com/region":"southamerica-west1"},"metadata":{"@type":"type.googleapis.com/google.firestore.admin.v1.LocationMetadata"},"locationId":"southamerica-west1","displayName":"Santiago"},{"name":"projects/vidros-905e5/locations/us-central1","labels":{"cloud.googleapis.com/location":"us-central1","cloud.googleapis.com/region":"us-central1"},"metadata":{"@type":"type.googleapis.com/google.firestore.admin.v1.LocationMetadata"},"locationId":"us-central1","displayName":"Iowa"},{"name":"projects/vidros-905e5/locations/us-east1","labels":{"appengine.googleapis.com/region":"us-east1","cloud.googleapis.com/location":"us-east1","cloud.googleapis.com/region":"us-east1"},"metadata":{"@type":"type.googleapis.com/google.firestore.admin.v1.LocationMetadata"},"locationId":"us-east1","displayName":"South Carolina"},{"name":"projects/vidros-905e5/locations/us-east4","labels":{"appengine.googleapis.com/region":"us-east4","cloud.googleapis.com/location":"us-east4","cloud.googleapis.com/region":"us-east4"},"metadata":{"@type":"type.googleapis.com/google.firestore.admin.v1.LocationMetadata"},"locationId":"us-east4","displayName":"Northern Virginia"},{"name":"projects/vidros-905e5/locations/us-east5","labels":{"cloud.googleapis.com/location":"us-east5","cloud.googleapis.com/region":"us-east5"},"metadata":{"@type":"type.googleapis.com/google.firestore.admin.v1.LocationMetadata"},"locationId":"us-east5","displayName":"Columbus"},{"name":"projects/vidros-905e5/locations/us-south1","labels":{"cloud.googleapis.com/location":"us-south1","cloud.googleapis.com/region":"us-south1"},"metadata":{"@type":"type.googleapis.com/google.firestore.admin.v1.LocationMetadata"},"locationId":"us-south1","displayName":"Dallas"},{"name":"projects/vidros-905e5/locations/us-west1","labels":{"appengine.googleapis.com/region":"us-west1","cloud.googleapis.com/location":"us-west1","cloud.googleapis.com/region":"us-west1"},"metadata":{"@type":"type.googleapis.com/google.firestore.admin.v1.LocationMetadata"},"locationId":"us-west1","displayName":"Oregon"},{"name":"projects/vidros-905e5/locations/us-west2","labels":{"appengine.googleapis.com/region":"us-west2","cloud.googleapis.com/location":"us-west2","cloud.googleapis.com/region":"us-west2"},"metadata":{"@type":"type.googleapis.com/google.firestore.admin.v1.LocationMetadata"},"locationId":"us-west2","displayName":"Los Angeles"},{"name":"projects/vidros-905e5/locations/us-west3","labels":{"appengine.googleapis.com/region":"us-west3","cloud.googleapis.com/location":"us-west3","cloud.googleapis.com/region":"us-west3"},"metadata":{"@type":"type.googleapis.com/google.firestore.admin.v1.LocationMetadata"},"locationId":"us-west3","displayName":"Salt Lake City"},{"name":"projects/vidros-905e5/locations/us-west4","labels":{"appengine.googleapis.com/region":"us-west4","cloud.googleapis.com/location":"us-west4","cloud.googleapis.com/region":"us-west4"},"metadata":{"@type":"type.googleapis.com/google.firestore.admin.v1.LocationMetadata"},"locationId":"us-west4","displayName":"Las Vegas"}]}
[info] 
[info] Firestore Security Rules allow you to define how and when to allow
[info] requests. You can keep these rules in your project directory
[info] and publish them with firebase deploy.
[info] 
[debug] [2026-04-13T18:27:55.015Z] Checked if tokens are valid: true, expires at: 1776107699504
[debug] [2026-04-13T18:27:55.015Z] Checked if tokens are valid: true, expires at: 1776107699504
[debug] [2026-04-13T18:27:55.016Z] >>> [apiv2][query] GET https://firebaserules.googleapis.com/v1/projects/vidros-905e5/releases pageSize=10&pageToken=
[debug] [2026-04-13T18:27:55.534Z] <<< [apiv2][status] GET https://firebaserules.googleapis.com/v1/projects/vidros-905e5/releases 200
[debug] [2026-04-13T18:27:55.534Z] <<< [apiv2][body] GET https://firebaserules.googleapis.com/v1/projects/vidros-905e5/releases {}
[info] 
[info] Firestore indexes allow you to perform complex queries while
[info] maintaining performance that scales with the size of the result
[info] set. You can keep index definitions in your project directory
[info] and publish them with firebase deploy.
[info] 
[debug] [2026-04-13T18:42:50.782Z] Checked if tokens are valid: true, expires at: 1776107699504
[debug] [2026-04-13T18:42:50.783Z] Checked if tokens are valid: true, expires at: 1776107699504
[debug] [2026-04-13T18:42:50.784Z] Checked if tokens are valid: true, expires at: 1776107699504
[debug] [2026-04-13T18:42:50.784Z] Checked if tokens are valid: true, expires at: 1776107699504
[debug] [2026-04-13T18:42:50.784Z] >>> [apiv2][query] GET https://firestore.googleapis.com/v1/projects/vidros-905e5/databases/(default)/collectionGroups/-/indexes [none]
[debug] [2026-04-13T18:42:50.790Z] >>> [apiv2][query] GET https://firestore.googleapis.com/v1/projects/vidros-905e5/databases/(default)/collectionGroups/-/fields?filter=indexConfig.usesAncestorConfig=false OR ttlConfig:* [none]
[debug] [2026-04-13T18:42:51.340Z] <<< [apiv2][status] GET https://firestore.googleapis.com/v1/projects/vidros-905e5/databases/(default)/collectionGroups/-/fields?filter=indexConfig.usesAncestorConfig=false OR ttlConfig:* 404
[debug] [2026-04-13T18:42:51.340Z] <<< [apiv2][body] GET https://firestore.googleapis.com/v1/projects/vidros-905e5/databases/(default)/collectionGroups/-/fields?filter=indexConfig.usesAncestorConfig=false OR ttlConfig:* {"error":{"code":404,"message":"Project 'vidros-905e5' or database '(default)' does not exist.","status":"NOT_FOUND"}}
[info] +  Wrote firestore.rules 
[info] +  Wrote firestore.indexes.json 
[info] 
=== Hosting Setup
[debug] [2026-04-13T18:42:51.375Z] Checked if tokens are valid: true, expires at: 1776107699504
[debug] [2026-04-13T18:42:51.375Z] Checked if tokens are valid: true, expires at: 1776107699504
[debug] [2026-04-13T18:42:51.376Z] >>> [apiv2][query] GET https://firebase.googleapis.com/v1beta1/projects/vidros-905e5 [none]
[debug] [2026-04-13T18:42:51.419Z] <<< [apiv2][status] GET https://firestore.googleapis.com/v1/projects/vidros-905e5/databases/(default)/collectionGroups/-/indexes 404
[debug] [2026-04-13T18:42:51.419Z] <<< [apiv2][body] GET https://firestore.googleapis.com/v1/projects/vidros-905e5/databases/(default)/collectionGroups/-/indexes {"error":{"code":404,"message":"Project 'vidros-905e5' or database '(default)' does not exist.","status":"NOT_FOUND"}}
[debug] [2026-04-13T18:42:51.761Z] <<< [apiv2][status] GET https://firebase.googleapis.com/v1beta1/projects/vidros-905e5 200
[debug] [2026-04-13T18:42:51.762Z] <<< [apiv2][body] GET https://firebase.googleapis.com/v1beta1/projects/vidros-905e5 {"projectId":"vidros-905e5","projectNumber":"668909983138","displayName":"vidros ","name":"projects/vidros-905e5","resources":{"hostingSite":"vidros-905e5"},"state":"ACTIVE","etag":"1_f8e28e6c-c9a8-4386-9b28-346f824d940b"}
[info] 
[info] Your public directory is the folder (relative to your project directory) that
[info] will contain Hosting assets to be uploaded with firebase deploy. If you
[info] have a build process for your assets, use your build's output directory.
[info] 
[info] 
[info] i  Didn't detect a .git folder. Assuming C:\Users\aluno\Downloads\vidraceiro is the project root. 
[info] i  Authorizing with GitHub to upload your service account to a GitHub repository's secrets store. 
[info] 
[info] Visit this URL on this device to log in:
[info] https://github.com/login/oauth/authorize?client_id=89cf50f02ac6aaed3484&state=809111557&redirect_uri=http%3A%2F%2Flocalhost%3A9005&scope=read%3Auser%20repo%20public_repo
[info] 
[info] Waiting for authentication...
[debug] [2026-04-13T18:46:18.852Z] >>> [apiv2][query] POST https://github.com/login/oauth/access_token [none]
[debug] [2026-04-13T18:46:18.852Z] >>> [apiv2][body] POST https://github.com/login/oauth/access_token [stream]
[debug] [2026-04-13T18:46:19.416Z] <<< [apiv2][status] POST https://github.com/login/oauth/access_token 200
[debug] [2026-04-13T18:46:19.416Z] <<< [apiv2][body] POST https://github.com/login/oauth/access_token {"access_token":"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","token_type":"bearer","scope":"read:user,repo"}
[debug] [2026-04-13T18:46:19.423Z] >>> [apiv2][query] GET https://api.github.com/user [none]
[debug] [2026-04-13T18:46:19.842Z] <<< [apiv2][status] GET https://api.github.com/user 200
[debug] [2026-04-13T18:46:19.843Z] <<< [apiv2][body] GET https://api.github.com/user {"login":"sdassd105","id":207929490,"node_id":"U_kgDODGTAkg","avatar_url":"https://avatars.githubusercontent.com/u/207929490?v=4","gravatar_id":"","url":"https://api.github.com/users/sdassd105","html_url":"https://github.com/sdassd105","followers_url":"https://api.github.com/users/sdassd105/followers","following_url":"https://api.github.com/users/sdassd105/following{/other_user}","gists_url":"https://api.github.com/users/sdassd105/gists{/gist_id}","starred_url":"https://api.github.com/users/sdassd105/starred{/owner}{/repo}","subscriptions_url":"https://api.github.com/users/sdassd105/subscriptions","organizations_url":"https://api.github.com/users/sdassd105/orgs","repos_url":"https://api.github.com/users/sdassd105/repos","events_url":"https://api.github.com/users/sdassd105/events{/privacy}","received_events_url":"https://api.github.com/users/sdassd105/received_events","type":"User","user_view_type":"private","site_admin":false,"name":null,"company":null,"blog":"","location":null,"email":null,"hireable":null,"bio":null,"twitter_username":null,"notification_email":null,"public_repos":2,"public_gists":0,"followers":0,"following":0,"created_at":"2025-04-16T20:36:47Z","updated_at":"2026-02-21T08:58:26Z","private_gists":0,"total_private_repos":0,"owned_private_repos":0,"disk_usage":20386,"collaborators":0,"two_factor_authentication":false,"plan":{"name":"free","space":976562499,"collaborators":0,"private_repos":10000}}
[info] 
[info] +  Success! Logged into GitHub as sdassd105 
[info] 
[debug] [2026-04-13T18:49:59.738Z] >>> [apiv2][query] GET https://api.github.com/repos/sdassd105/actions/secrets/public-key type=owner
[debug] [2026-04-13T18:50:00.006Z] <<< [apiv2][status] GET https://api.github.com/repos/sdassd105/actions/secrets/public-key 404
[debug] [2026-04-13T18:50:00.006Z] <<< [apiv2][body] GET https://api.github.com/repos/sdassd105/actions/secrets/public-key {"message":"Not Found","documentation_url":"https://docs.github.com/rest","status":"404"}
[info] 
[info] 
[error] !  The provided authorization cannot be used with this repository. If this repository is in an organization, did you remember to grant access? 
[info] 
[info] i  Action required: Visit this URL to ensure access has been granted to the appropriate organization(s) for the Firebase CLI GitHub OAuth App: 
[info] https://github.com/settings/connections/applications/89cf50f02ac6aaed3484
[info] 
[debug] [2026-04-13T18:50:51.344Z] >>> [apiv2][query] GET https://api.github.com/repos/sdassd105/vidros /actions/secrets/public-key type=owner
[debug] [2026-04-13T18:50:51.665Z] <<< [apiv2][status] GET https://api.github.com/repos/sdassd105/vidros /actions/secrets/public-key 404
[debug] [2026-04-13T18:50:51.666Z] <<< [apiv2][body] GET https://api.github.com/repos/sdassd105/vidros /actions/secrets/public-key {"message":"Not Found","documentation_url":"https://docs.github.com/rest/actions/secrets#get-a-repository-public-key","status":"404"}
[info] 
[info] 
[error] !  The provided authorization cannot be used with this repository. If this repository is in an organization, did you remember to grant access? 
[info] 
[info] i  Action required: Visit this URL to ensure access has been granted to the appropriate organization(s) for the Firebase CLI GitHub OAuth App: 
[info] https://github.com/settings/connections/applications/89cf50f02ac6aaed3484
[info] 
[debug] [2026-04-13T18:52:18.279Z] >>> [apiv2][query] GET https://api.github.com/repos/sdassd105/vidros > /actions/secrets/public-key type=owner
[debug] [2026-04-13T18:52:18.614Z] <<< [apiv2][status] GET https://api.github.com/repos/sdassd105/vidros > /actions/secrets/public-key 404
[debug] [2026-04-13T18:52:18.614Z] <<< [apiv2][body] GET https://api.github.com/repos/sdassd105/vidros > /actions/secrets/public-key {"message":"Not Found","documentation_url":"https://docs.github.com/rest/actions/secrets#get-a-repository-public-key","status":"404"}
[info] 
[info] 
[error] !  The provided authorization cannot be used with this repository. If this repository is in an organization, did you remember to grant access? 
[info] 
[info] i  Action required: Visit this URL to ensure access has been granted to the appropriate organization(s) for the Firebase CLI GitHub OAuth App: 
[info] https://github.com/settings/connections/applications/89cf50f02ac6aaed3484
[info] 
